<?xml version="1.0" encoding="UTF-8"?>
<!-- Generated by org.testng.reporters.JUnitXMLReporter -->
<testsuite hostname="IEVL557" ignored="0" name="Surefire test" tests="2" failures="1" timestamp="2019-09-18T18:49:47 EEST" time="25.069" errors="0">
  <testcase name="test1" time="14.947" classname="test.java.IAmTest"/>
  <testcase name="test1" time="9.708" classname="test.java.IAmTest">
    <failure type="java.lang.AssertionError" message="Error message wrong did not expect to find [true] but found [false]">
      <![CDATA[java.lang.AssertionError: Error message wrong did not expect to find [true] but found [false]
at test.java.IAmTest.checkErrorText(IAmTest.java:75)
at test.java.IAmTest.test1(IAmTest.java:62)
at java.util.ArrayList.forEach(ArrayList.java:1257)
... Removed 35 stack frames]]>
    </failure>
  </testcase> <!-- test1 -->
</testsuite> <!-- Surefire test -->
