{"name":"test1","status":"failed","statusDetails":{"known":false,"muted":false,"flaky":false,"message":"Error message wrong did not expect to find [true] but found [false]","trace":"java.lang.AssertionError: Error message wrong did not expect to find [true] but found [false]\r\n\tat org.testng.Assert.fail(Assert.java:97)\r\n\tat org.testng.Assert.failNotEquals(Assert.java:969)\r\n\tat org.testng.Assert.assertTrue(Assert.java:43)\r\n\tat test.java.IAmTest.checkErrorText(IAmTest.java:75)\r\n\tat test.java.IAmTest.test1(IAmTest.java:62)\r\n\tat sun.reflect.NativeMethodAccessorImpl.invoke0(Native Method)\r\n\tat sun.reflect.NativeMethodAccessorImpl.invoke(NativeMethodAccessorImpl.java:62)\r\n\tat sun.reflect.DelegatingMethodAccessorImpl.invoke(DelegatingMethodAccessorImpl.java:43)\r\n\tat java.lang.reflect.Method.invoke(Method.java:498)\r\n\tat org.testng.internal.MethodInvocationHelper.invokeMethod(MethodInvocationHelper.java:133)\r\n\tat org.testng.internal.TestInvoker.invokeMethod(TestInvoker.java:584)\r\n\tat org.testng.internal.TestInvoker.invokeTestMethod(TestInvoker.java:172)\r\n\tat org.testng.internal.MethodRunner.runInSequence(MethodRunner.java:46)\r\n\tat org.testng.internal.TestInvoker$MethodInvocationAgent.invoke(TestInvoker.java:804)\r\n\tat org.testng.internal.TestInvoker.invokeTestMethods(TestInvoker.java:145)\r\n\tat org.testng.internal.TestMethodWorker.invokeTestMethods(TestMethodWorker.java:146)\r\n\tat org.testng.internal.TestMethodWorker.run(TestMethodWorker.java:128)\r\n\tat java.util.concurrent.ThreadPoolExecutor.runWorker(ThreadPoolExecutor.java:1149)\r\n\tat java.util.concurrent.ThreadPoolExecutor$Worker.run(ThreadPoolExecutor.java:624)\r\n\tat java.lang.Thread.run(Thread.java:748)\r\n"},"stage":"finished","steps":[{"name":"checkErrorText","status":"failed","statusDetails":{"known":false,"muted":false,"flaky":false,"message":"Error message wrong did not expect to find [true] but found [false]","trace":"java.lang.AssertionError: Error message wrong did not expect to find [true] but found [false]\r\n\tat org.testng.Assert.fail(Assert.java:97)\r\n\tat org.testng.Assert.failNotEquals(Assert.java:969)\r\n\tat org.testng.Assert.assertTrue(Assert.java:43)\r\n\tat test.java.IAmTest.checkErrorText(IAmTest.java:75)\r\n\tat test.java.IAmTest.test1(IAmTest.java:62)\r\n\tat sun.reflect.NativeMethodAccessorImpl.invoke0(Native Method)\r\n\tat sun.reflect.NativeMethodAccessorImpl.invoke(NativeMethodAccessorImpl.java:62)\r\n\tat sun.reflect.DelegatingMethodAccessorImpl.invoke(DelegatingMethodAccessorImpl.java:43)\r\n\tat java.lang.reflect.Method.invoke(Method.java:498)\r\n\tat org.testng.internal.MethodInvocationHelper.invokeMethod(MethodInvocationHelper.java:133)\r\n\tat org.testng.internal.TestInvoker.invokeMethod(TestInvoker.java:584)\r\n\tat org.testng.internal.TestInvoker.invokeTestMethod(TestInvoker.java:172)\r\n\tat org.testng.internal.MethodRunner.runInSequence(MethodRunner.java:46)\r\n\tat org.testng.internal.TestInvoker$MethodInvocationAgent.invoke(TestInvoker.java:804)\r\n\tat org.testng.internal.TestInvoker.invokeTestMethods(TestInvoker.java:145)\r\n\tat org.testng.internal.TestMethodWorker.invokeTestMethods(TestMethodWorker.java:146)\r\n\tat org.testng.internal.TestMethodWorker.run(TestMethodWorker.java:128)\r\n\tat java.util.concurrent.ThreadPoolExecutor.runWorker(ThreadPoolExecutor.java:1149)\r\n\tat java.util.concurrent.ThreadPoolExecutor$Worker.run(ThreadPoolExecutor.java:624)\r\n\tat java.lang.Thread.run(Thread.java:748)\r\n"},"stage":"finished","steps":[],"attachments":[],"parameters":[{"name":"actual","value":"Введено неприпустимі символи."},{"name":"expected","value":"Будь ласка, вкажіть ім’я."}],"start":1568820106092,"stop":1568820106096}],"attachments":[],"parameters":[{"name":"arg3","value":""},{"name":"arg2","value":""},{"name":"arg5","value":"Введено неприпустимі символи."},{"name":"arg4","value":"Введено неприпустимі символи."},{"name":"arg1","value":""},{"name":"arg0","value":""},{"name":"arg7","value":"Будь ласка, введіть ваш пароль."},{"name":"arg6","value":"Будь ласка, виправте помилку в ел. пошті."}],"start":1568820096631,"stop":1568820106098,"uuid":"da2146f5-8217-45a9-ad24-0722d158abaa","historyId":"baeec1956c84cae0a4f766463c41ba53","fullName":"test.java.IAmTest.test1","labels":[{"name":"package","value":"test.java.IAmTest"},{"name":"testClass","value":"test.java.IAmTest"},{"name":"testMethod","value":"test1"},{"name":"parentSuite","value":"First test"},{"name":"suite","value":"Testing"},{"name":"subSuite","value":"test.java.IAmTest"},{"name":"host","value":"IEVL557"},{"name":"thread","value":"23068@IEVL557.TestNG-test=Testing-1(13)"},{"name":"framework","value":"testng"},{"name":"language","value":"java"}],"links":[]}